Performing C SOURCE FILE Test CMAKE_HAVE_LIBC_PTHREAD failed with the following output:
Change Dir: /home/irie/hydragon.proj/src/choreonoid/choreonoid_controller_bridge/cmake-build-release/CMakeFiles/CMakeTmp

Run Build Command(s):/usr/bin/make -f Makefile cmTC_e809e/fast && /usr/bin/make  -f CMakeFiles/cmTC_e809e.dir/build.make CMakeFiles/cmTC_e809e.dir/build
make[1]: Entering directory '/home/irie/hydragon.proj/src/choreonoid/choreonoid_controller_bridge/cmake-build-release/CMakeFiles/CMakeTmp'
Building C object CMakeFiles/cmTC_e809e.dir/src.c.o
/usr/bin/cc -DCMAKE_HAVE_LIBC_PTHREAD   -o CMakeFiles/cmTC_e809e.dir/src.c.o -c /home/irie/hydragon.proj/src/choreonoid/choreonoid_controller_bridge/cmake-build-release/CMakeFiles/CMakeTmp/src.c
Linking C executable cmTC_e809e
/snap/clion/164/bin/cmake/linux/bin/cmake -E cmake_link_script CMakeFiles/cmTC_e809e.dir/link.txt --verbose=1
/usr/bin/cc -rdynamic CMakeFiles/cmTC_e809e.dir/src.c.o -o cmTC_e809e 
/usr/bin/ld: CMakeFiles/cmTC_e809e.dir/src.c.o: in function `main':
src.c:(.text+0x46): undefined reference to `pthread_create'
/usr/bin/ld: src.c:(.text+0x52): undefined reference to `pthread_detach'
/usr/bin/ld: src.c:(.text+0x5e): undefined reference to `pthread_cancel'
/usr/bin/ld: src.c:(.text+0x6f): undefined reference to `pthread_join'
collect2: error: ld returned 1 exit status
make[1]: *** [CMakeFiles/cmTC_e809e.dir/build.make:99: cmTC_e809e] Error 1
make[1]: Leaving directory '/home/irie/hydragon.proj/src/choreonoid/choreonoid_controller_bridge/cmake-build-release/CMakeFiles/CMakeTmp'
make: *** [Makefile:127: cmTC_e809e/fast] Error 2


Source file was:
#include <pthread.h>

static void* test_func(void* data)
{
  return data;
}

int main(void)
{
  pthread_t thread;
  pthread_create(&thread, NULL, test_func, NULL);
  pthread_detach(thread);
  pthread_cancel(thread);
  pthread_join(thread, NULL);
  pthread_atfork(NULL, NULL, NULL);
  pthread_exit(NULL);

  return 0;
}

Determining if the function pthread_create exists in the pthreads failed with the following output:
Change Dir: /home/irie/hydragon.proj/src/choreonoid/choreonoid_controller_bridge/cmake-build-release/CMakeFiles/CMakeTmp

Run Build Command(s):/usr/bin/make -f Makefile cmTC_7980a/fast && /usr/bin/make  -f CMakeFiles/cmTC_7980a.dir/build.make CMakeFiles/cmTC_7980a.dir/build
make[1]: Entering directory '/home/irie/hydragon.proj/src/choreonoid/choreonoid_controller_bridge/cmake-build-release/CMakeFiles/CMakeTmp'
Building C object CMakeFiles/cmTC_7980a.dir/CheckFunctionExists.c.o
/usr/bin/cc   -DCHECK_FUNCTION_EXISTS=pthread_create -o CMakeFiles/cmTC_7980a.dir/CheckFunctionExists.c.o -c /snap/clion/164/bin/cmake/linux/share/cmake-3.20/Modules/CheckFunctionExists.c
Linking C executable cmTC_7980a
/snap/clion/164/bin/cmake/linux/bin/cmake -E cmake_link_script CMakeFiles/cmTC_7980a.dir/link.txt --verbose=1
/usr/bin/cc  -DCHECK_FUNCTION_EXISTS=pthread_create -rdynamic CMakeFiles/cmTC_7980a.dir/CheckFunctionExists.c.o -o cmTC_7980a  -lpthreads 
/usr/bin/ld: cannot find -lpthreads
collect2: error: ld returned 1 exit status
make[1]: *** [CMakeFiles/cmTC_7980a.dir/build.make:99: cmTC_7980a] Error 1
make[1]: Leaving directory '/home/irie/hydragon.proj/src/choreonoid/choreonoid_controller_bridge/cmake-build-release/CMakeFiles/CMakeTmp'
make: *** [Makefile:127: cmTC_7980a/fast] Error 2



